#
# A fatal error has been detected by the Java Runtime Environment:
#
#  SIGSEGV (0xb) at pc=0x000000013b12d18c, pid=67026, tid=98123
#
# JRE version: OpenJDK Runtime Environment Temurin-17.0.12+7 (17.0.12+7) (build 17.0.12+7)
# Java VM: OpenJDK 64-Bit Server VM Temurin-17.0.12+7 (17.0.12+7, mixed mode, tiered, compressed oops, compressed class ptrs, g1 gc, bsd-aarch64)
# Problematic frame:
# C  [libCTRE_SimProCANcoder.dylib+0x918c]
#
# No core dump will be written. Core dumps have been disabled. To enable core dumping, try "ulimit -c unlimited" before starting Java again
#
# If you would like to submit a bug report, please visit:
#   https://github.com/adoptium/adoptium-support/issues
# The crash happened outside the Java Virtual Machine in native code.
# See problematic frame for where to report the bug.
#

---------------  S U M M A R Y ------------

Command Line: -agentlib:jdwp=transport=dt_socket,server=n,suspend=y,address=localhost:49643 -Djava.library.path=/Users/justmore5mins/Documents/documents/FRC/ExpRobot/build/jni/release -XX:+ShowCodeDetailsInExceptionMessages frc.robot.Main

Host: "Mac15,6" arm64, 11 cores, 18G, Darwin 25.0.0, macOS 26.0 (25A5349a)
Time: Mon Sep  8 20:13:25 2025 CST elapsed time: 172.785900 seconds (0d 0h 2m 52s)

---------------  T H R E A D  ---------------

Current thread (0x0000000820150600):  JavaThread "SimDrivetrainNotifer" daemon [_thread_in_native, id=98123, stack(0x00000001745fc000,0x00000001747ff000)]

Stack: [0x00000001745fc000,0x00000001747ff000],  sp=0x00000001747fe3f0,  free space=2056k
Native frames: (J=compiled Java code, j=interpreted, Vv=VM code, C=native code)
C  [libCTRE_SimProCANcoder.dylib+0x918c]
C  [libCTRE_SimProCANcoder.dylib+0x8aa0]
C  [libCTRE_PhoenixTools_Sim.dylib+0x262304]
C  [libCTRE_PhoenixTools_Sim.dylib+0x238c94]
J 1614  com.ctre.phoenix6.jni.PlatformJNI.JNI_SimSetPhysicsInput(IILjava/lang/String;D)I (0 bytes) @ 0x000000012b977ed0 [0x000000012b977e40+0x0000000000000090]
C  0x0000000310790320

Java frames: (J=compiled Java code, j=interpreted, Vv=VM code)
J 1614  com.ctre.phoenix6.jni.PlatformJNI.JNI_SimSetPhysicsInput(IILjava/lang/String;D)I (0 bytes) @ 0x000000012b977ed0 [0x000000012b977e40+0x0000000000000090]
J 3552 c2 org.ironmaple.simulation.drivesims.SwerveModuleSimulation.updateSimulationSubTickGetModuleForce(Lorg/dyn4j/geometry/Vector2;Ledu/wpi/first/math/geometry/Rotation2d;D)Lorg/dyn4j/geometry/Vector2; (48 bytes) @ 0x000000012baf2b9c [0x000000012baf2880+0x000000000000031c]
J 3867 c2 org.ironmaple.simulation.drivesims.SwerveDriveSimulation.simulateModulePropellingForces()V (65 bytes) @ 0x000000012bbc4b4c [0x000000012bbc4880+0x00000000000002cc]
J 3752 c2 org.ironmaple.simulation.SimulatedArena.simulationSubTick(I)V (198 bytes) @ 0x000000012bb5d348 [0x000000012bb5b980+0x00000000000019c8]
J 4038 c2 frc.robot.Drivetrain.Drivetrain$$Lambda$159+0x000000700025cac0.run()V (8 bytes) @ 0x000000012bc55da0 [0x000000012bc55c00+0x00000000000001a0]
j  edu.wpi.first.wpilibj.Notifier.lambda$new$0()V+111
j  edu.wpi.first.wpilibj.Notifier$$Lambda$49+0x000000700012cb90.run()V+4
j  java.lang.Thread.run()V+11 java.base@17.0.12
v  ~StubRoutines::call_stub

siginfo: si_signo: 11 (SIGSEGV), si_code: 2 (SEGV_ACCERR), si_addr: 0x0000000000000050

Registers:
 x0=0xd049b3329729f3e0  x1=0x00000008264f15a0  x2=0x000000000000000d  x3=0x0000000000000004
 x4=0x000000000000000d  x5=0x000000014b55357c  x6=0x661e54f6187d8527  x7=0xfcea02920093a15a
 x8=0x0000000000000005  x9=0x0000000000000000 x10=0xb4332b3b0ba3a1b4 x11=0x9ddfea08eb382d69
x12=0x0000000000000003 x13=0x0000000000000000 x14=0xffffffffb00007ff x15=0x00000000003ff800
x16=0x000000018f239d80 x17=0x00000001fd0d84b8 x18=0x0000000000000000 x19=0xd049b3329729f3e0
x20=0x000000013b148238 x21=0x0000000820fbb800 x22=0x00000001747fe440 x23=0x000000000000000a
x24=0x000000000000002f x25=0x0000000820eab020 x26=0x000000082444f6c0 x27=0x000000030086f278
x28=0x0000000820150600  fp=0x00000001747fe430  lr=0x000000013b12d144  sp=0x00000001747fe3f0
pc=0x000000013b12d18c cpsr=0x00000000a0001000

Register to memory mapping:

 x0=0xd049b3329729f3e0 is an unknown value
 x1=0x00000008264f15a0 points into unknown readable memory: 0x6f56796c70707553 | 53 75 70 70 6c 79 56 6f
 x2=0x000000000000000d is an unknown value
 x3=0x0000000000000004 is an unknown value
 x4=0x000000000000000d is an unknown value
 x5=0x000000014b55357c: <offset 0x26357c> in /Users/justmore5mins/Documents/documents/FRC/ExpRobot/build/jni/release/libCTRE_PhoenixTools_Sim.dylib at 0x000000014b2f0000
 x6=0x661e54f6187d8527 is an unknown value
 x7=0xfcea02920093a15a is an unknown value
 x8=0x0000000000000005 is an unknown value
 x9=0x0 is NULL
x10=0xb4332b3b0ba3a1b4 is an unknown value
x11=0x9ddfea08eb382d69 is an unknown value
x12=0x0000000000000003 is an unknown value
